<?xml version="1.0" encoding="UTF-8"?>
<testsuite name="com.example.gradledemo.GradleDemoApplicationTests" tests="1" skipped="0" failures="0" errors="0" timestamp="2023-02-05T08:47:06" hostname="ryan-2.local" time="0.367">
  <properties/>
  <testcase name="contextLoads()" classname="com.example.gradledemo.GradleDemoApplicationTests" time="0.367"/>
  <system-out><![CDATA[17:47:04.646 [Test worker] DEBUG org.springframework.test.context.BootstrapUtils - Instantiating CacheAwareContextLoaderDelegate from class [org.springframework.test.context.cache.DefaultCacheAwareContextLoaderDelegate]
17:47:04.654 [Test worker] DEBUG org.springframework.test.context.BootstrapUtils - Instantiating BootstrapContext using constructor [public org.springframework.test.context.support.DefaultBootstrapContext(java.lang.Class,org.springframework.test.context.CacheAwareContextLoaderDelegate)]
17:47:04.680 [Test worker] DEBUG org.springframework.test.context.BootstrapUtils - Instantiating TestContextBootstrapper for test class [com.example.gradledemo.GradleDemoApplicationTests] from class [org.springframework.boot.test.context.SpringBootTestContextBootstrapper]
17:47:04.690 [Test worker] INFO org.springframework.boot.test.context.SpringBootTestContextBootstrapper - Neither @ContextConfiguration nor @ContextHierarchy found for test class [com.example.gradledemo.GradleDemoApplicationTests], using SpringBootContextLoader
17:47:04.692 [Test worker] DEBUG org.springframework.test.context.support.AbstractContextLoader - Did not detect default resource location for test class [com.example.gradledemo.GradleDemoApplicationTests]: class path resource [com/example/gradledemo/GradleDemoApplicationTests-context.xml] does not exist
17:47:04.693 [Test worker] DEBUG org.springframework.test.context.support.AbstractContextLoader - Did not detect default resource location for test class [com.example.gradledemo.GradleDemoApplicationTests]: class path resource [com/example/gradledemo/GradleDemoApplicationTestsContext.groovy] does not exist
17:47:04.693 [Test worker] INFO org.springframework.test.context.support.AbstractContextLoader - Could not detect default resource locations for test class [com.example.gradledemo.GradleDemoApplicationTests]: no resource found for suffixes {-context.xml, Context.groovy}.
17:47:04.694 [Test worker] INFO org.springframework.test.context.support.AnnotationConfigContextLoaderUtils - Could not detect default configuration classes for test class [com.example.gradledemo.GradleDemoApplicationTests]: GradleDemoApplicationTests does not declare any static, non-private, non-final, nested classes annotated with @Configuration.
17:47:04.730 [Test worker] DEBUG org.springframework.test.context.support.ActiveProfilesUtils - Could not find an 'annotation declaring class' for annotation type [org.springframework.test.context.ActiveProfiles] and class [com.example.gradledemo.GradleDemoApplicationTests]
17:47:04.775 [Test worker] DEBUG org.springframework.context.annotation.ClassPathScanningCandidateComponentProvider - Identified candidate component class: file [/Users/ryan/Library/CloudStorage/Dropbox/CANV/0.Cloud/1.DevOps/Git/github_gradle-demo/build/classes/java/main/com/example/gradledemo/GradleDemoApplication.class]
17:47:04.776 [Test worker] INFO org.springframework.boot.test.context.SpringBootTestContextBootstrapper - Found @SpringBootConfiguration com.example.gradledemo.GradleDemoApplication for test class com.example.gradledemo.GradleDemoApplicationTests
17:47:04.847 [Test worker] DEBUG org.springframework.boot.test.context.SpringBootTestContextBootstrapper - @TestExecutionListeners is not present for class [com.example.gradledemo.GradleDemoApplicationTests]: using defaults.
17:47:04.847 [Test worker] INFO org.springframework.boot.test.context.SpringBootTestContextBootstrapper - Loaded default TestExecutionListener class names from location [META-INF/spring.factories]: [org.springframework.boot.test.autoconfigure.restdocs.RestDocsTestExecutionListener, org.springframework.boot.test.autoconfigure.web.client.MockRestServiceServerResetTestExecutionListener, org.springframework.boot.test.autoconfigure.web.servlet.MockMvcPrintOnlyOnFailureTestExecutionListener, org.springframework.boot.test.autoconfigure.web.servlet.WebDriverTestExecutionListener, org.springframework.boot.test.autoconfigure.webservices.client.MockWebServiceServerTestExecutionListener, org.springframework.boot.test.mock.mockito.MockitoTestExecutionListener, org.springframework.boot.test.mock.mockito.ResetMocksTestExecutionListener, org.springframework.test.context.web.ServletTestExecutionListener, org.springframework.test.context.support.DirtiesContextBeforeModesTestExecutionListener, org.springframework.test.context.event.ApplicationEventsTestExecutionListener, org.springframework.test.context.support.DependencyInjectionTestExecutionListener, org.springframework.test.context.support.DirtiesContextTestExecutionListener, org.springframework.test.context.transaction.TransactionalTestExecutionListener, org.springframework.test.context.jdbc.SqlScriptsTestExecutionListener, org.springframework.test.context.event.EventPublishingTestExecutionListener]
17:47:04.858 [Test worker] DEBUG org.springframework.boot.test.context.SpringBootTestContextBootstrapper - Skipping candidate TestExecutionListener [org.springframework.test.context.transaction.TransactionalTestExecutionListener] due to a missing dependency. Specify custom listener classes or make the default listener classes and their required dependencies available. Offending class: [org/springframework/transaction/interceptor/TransactionAttributeSource]
17:47:04.858 [Test worker] DEBUG org.springframework.boot.test.context.SpringBootTestContextBootstrapper - Skipping candidate TestExecutionListener [org.springframework.test.context.jdbc.SqlScriptsTestExecutionListener] due to a missing dependency. Specify custom listener classes or make the default listener classes and their required dependencies available. Offending class: [org/springframework/transaction/interceptor/TransactionAttribute]
17:47:04.858 [Test worker] INFO org.springframework.boot.test.context.SpringBootTestContextBootstrapper - Using TestExecutionListeners: [org.springframework.test.context.web.ServletTestExecutionListener@20a8a64e, org.springframework.test.context.support.DirtiesContextBeforeModesTestExecutionListener@62f4ff3b, org.springframework.test.context.event.ApplicationEventsTestExecutionListener@1698fc68, org.springframework.boot.test.mock.mockito.MockitoTestExecutionListener@4504d271, org.springframework.boot.test.autoconfigure.SpringBootDependencyInjectionTestExecutionListener@207b8649, org.springframework.test.context.support.DirtiesContextTestExecutionListener@65b3a85a, org.springframework.test.context.event.EventPublishingTestExecutionListener@34997338, org.springframework.boot.test.autoconfigure.restdocs.RestDocsTestExecutionListener@57eda880, org.springframework.boot.test.autoconfigure.web.client.MockRestServiceServerResetTestExecutionListener@2b5825fa, org.springframework.boot.test.autoconfigure.web.servlet.MockMvcPrintOnlyOnFailureTestExecutionListener@53d1b9b3, org.springframework.boot.test.autoconfigure.web.servlet.WebDriverTestExecutionListener@2cae1042, org.springframework.boot.test.autoconfigure.webservices.client.MockWebServiceServerTestExecutionListener@163d04ff, org.springframework.boot.test.mock.mockito.ResetMocksTestExecutionListener@7c209437]
17:47:04.861 [Test worker] DEBUG org.springframework.test.context.support.AbstractDirtiesContextTestExecutionListener - Before test class: context [DefaultTestContext@a776e testClass = GradleDemoApplicationTests, testInstance = [null], testMethod = [null], testException = [null], mergedContextConfiguration = [WebMergedContextConfiguration@792bbc74 testClass = GradleDemoApplicationTests, locations = '{}', classes = '{class com.example.gradledemo.GradleDemoApplication}', contextInitializerClasses = '[]', activeProfiles = '{}', propertySourceLocations = '{}', propertySourceProperties = '{org.springframework.boot.test.context.SpringBootTestContextBootstrapper=true}', contextCustomizers = set[org.springframework.boot.test.autoconfigure.actuate.metrics.MetricsExportContextCustomizerFactory$DisableMetricExportContextCustomizer@20435c40, org.springframework.boot.test.autoconfigure.properties.PropertyMappingContextCustomizer@0, org.springframework.boot.test.autoconfigure.web.servlet.WebDriverContextCustomizerFactory$Customizer@455b6df1, org.springframework.boot.test.context.filter.ExcludeFilterContextCustomizer@14bee915, org.springframework.boot.test.json.DuplicateJsonObjectContextCustomizerFactory$DuplicateJsonObjectContextCustomizer@43b9fd5, org.springframework.boot.test.mock.mockito.MockitoContextCustomizer@0, org.springframework.boot.test.web.client.TestRestTemplateContextCustomizer@600b9d27, org.springframework.boot.test.context.SpringBootTestArgs@1, org.springframework.boot.test.context.SpringBootTestWebEnvironment@7d20d0b], resourceBasePath = 'src/main/webapp', contextLoader = 'org.springframework.boot.test.context.SpringBootContextLoader', parent = [null]], attributes = map['org.springframework.test.context.web.ServletTestExecutionListener.activateListener' -> true]], class annotated with @DirtiesContext [false] with mode [null].

  .   ____          _            __ _ _
 /\\ / ___'_ __ _ _(_)_ __  __ _ \ \ \ \
( ( )\___ | '_ | '_| | '_ \/ _` | \ \ \ \
 \\/  ___)| |_)| | | | | || (_| |  ) ) ) )
  '  |____| .__|_| |_|_| |_\__, | / / / /
 =========|_|==============|___/=/_/_/_/
 :: Spring Boot ::                (v2.7.4)

2023-02-05 17:47:05.144  INFO 82028 --- [    Test worker] c.e.g.GradleDemoApplicationTests         : Starting GradleDemoApplicationTests using Java 17.0.6 on ryan-2.local with PID 82028 (started by ryan in /Users/ryan/Library/CloudStorage/Dropbox/CANV/0.Cloud/1.DevOps/Git/github_gradle-demo)
2023-02-05 17:47:05.145  INFO 82028 --- [    Test worker] c.e.g.GradleDemoApplicationTests         : No active profile set, falling back to 1 default profile: "default"
2023-02-05 17:47:06.153  INFO 82028 --- [    Test worker] c.e.g.GradleDemoApplicationTests         : Started GradleDemoApplicationTests in 1.265 seconds (JVM running for 2.283)
]]></system-out>
  <system-err><![CDATA[]]></system-err>
</testsuite>
